The system is: Linux - 5.15.0-50-generic - x86_64
Compiling the C compiler identification source file "CMakeCCompilerId.c" succeeded.
Compiler: /usr/bin/x86_64-w64-mingw32-gcc-win32 
Build flags: 
Id flags:  

The output was:
0


Compilation of the C compiler identification source "CMakeCCompilerId.c" produced "a.exe"

The C compiler identification is GNU, found in "/home/bitheaven/CLionProjects/bitwi2dl/cmake-build-windows/CMakeFiles/3.21.1/CompilerIdC/a.exe"

Compiling the CXX compiler identification source file "CMakeCXXCompilerId.cpp" succeeded.
Compiler: /usr/bin/x86_64-w64-mingw32-c++-win32 
Build flags: 
Id flags:  

The output was:
0


Compilation of the CXX compiler identification source "CMakeCXXCompilerId.cpp" produced "a.exe"

The CXX compiler identification is GNU, found in "/home/bitheaven/CLionProjects/bitwi2dl/cmake-build-windows/CMakeFiles/3.21.1/CompilerIdCXX/a.exe"

Determining if the C compiler works passed with the following output:
Change Dir: /home/bitheaven/CLionProjects/bitwi2dl/cmake-build-windows/CMakeFiles/CMakeTmp

Run Build Command(s):/home/bitheaven/Documents/clion-2021.3/bin/ninja/linux/ninja cmTC_267db && [1/2] Building C object CMakeFiles/cmTC_267db.dir/testCCompiler.c.o
[2/2] Linking C executable cmTC_267db



Determining if the CXX compiler works passed with the following output:
Change Dir: /home/bitheaven/CLionProjects/bitwi2dl/cmake-build-windows/CMakeFiles/CMakeTmp

Run Build Command(s):/home/bitheaven/Documents/clion-2021.3/bin/ninja/linux/ninja cmTC_d7127 && [1/2] Building CXX object CMakeFiles/cmTC_d7127.dir/testCXXCompiler.cxx.o
[2/2] Linking CXX executable cmTC_d7127



